ERROR:root:Error downloading news: object has no attribute 'link'
ERROR:root:Error downloading news: object has no attribute 'link'
ERROR:root:Error downloading news: object has no attribute 'link'
INFO:django.utils.autoreload:/usr/local/lsws/Example/html/dentist/website/views.py changed, reloading.
ERROR:root:Error downloading news: Entry object has no 'link' or 'guid' attribute
ERROR:root:Error downloading news: Entry object has no 'link' or 'guid' attribute
ERROR:root:Error downloading news: Entry object has no 'link' or 'guid' attribute
ERROR:root:Error downloading news: Entry object has no 'link' or 'guid' attribute
INFO:django.utils.autoreload:/usr/local/lsws/Example/html/dentist/website/views.py changed, reloading.
ERROR:root:Error downloading news: Entry object has no 'link' or 'guid' attribute
ERROR:root:Skipping entry due to download error.
ERROR:root:Error downloading news: Entry object has no 'link' or 'guid' attribute
ERROR:root:Skipping entry due to download error.
ERROR:root:Error downloading news: Entry object has no 'link' or 'guid' attribute
ERROR:root:Skipping entry due to download error.
ERROR:root:Error downloading news: Entry object has no 'link' or 'guid' attribute
ERROR:root:Skipping entry due to download error.
ERROR:root:Error downloading news: Entry object has no 'link' or 'guid' attribute
ERROR:root:Skipping entry due to download error.
ERROR:root:Error downloading news: Entry object has no 'link' or 'guid' attribute
ERROR:root:Skipping entry due to download error.
ERROR:root:Error downloading news: Entry object has no 'link' or 'guid' attribute
ERROR:root:Skipping entry due to download error.
ERROR:root:Error downloading news: Entry object has no 'link' or 'guid' attribute
ERROR:root:Skipping entry due to download error.
ERROR:root:Error downloading news: Entry object has no 'link' or 'guid' attribute
ERROR:root:Skipping entry due to download error.
ERROR:root:Error downloading news: Entry object has no 'link' or 'guid' attribute
ERROR:root:Skipping entry due to download error.
ERROR:root:Error downloading news: Entry object has no 'link' or 'guid' attribute
ERROR:root:Skipping entry due to download error.
ERROR:root:Error downloading news: Entry object has no 'link' or 'guid' attribute
ERROR:root:Skipping entry due to download error.
ERROR:root:Error downloading news: Entry object has no 'link' or 'guid' attribute
ERROR:root:Skipping entry due to download error.
ERROR:root:Error downloading news: Entry object has no 'link' or 'guid' attribute
ERROR:root:Skipping entry due to download error.
ERROR:root:Error downloading news: Entry object has no 'link' or 'guid' attribute
ERROR:root:Skipping entry due to download error.
ERROR:root:Error downloading news: Entry object has no 'link' or 'guid' attribute
ERROR:root:Skipping entry due to download error.
ERROR:root:Error downloading news: Entry object has no 'link' or 'guid' attribute
ERROR:root:Skipping entry due to download error.
ERROR:root:Error downloading news: Entry object has no 'link' or 'guid' attribute
ERROR:root:Skipping entry due to download error.
ERROR:root:Error downloading news: Entry object has no 'link' or 'guid' attribute
ERROR:root:Skipping entry due to download error.
ERROR:root:Error downloading news: Entry object has no 'link' or 'guid' attribute
ERROR:root:Skipping entry due to download error.
ERROR:root:Error downloading news: Entry object has no 'link' or 'guid' attribute
ERROR:root:Skipping entry due to download error.
ERROR:root:Error downloading news: Entry object has no 'link' or 'guid' attribute
ERROR:root:Skipping entry due to download error.
ERROR:root:Error downloading news: Entry object has no 'link' or 'guid' attribute
ERROR:root:Skipping entry due to download error.
ERROR:root:Error downloading news: Entry object has no 'link' or 'guid' attribute
ERROR:root:Skipping entry due to download error.
ERROR:root:Error downloading news: Entry object has no 'link' or 'guid' attribute
ERROR:root:Skipping entry due to download error.
ERROR:root:Error downloading news: Entry object has no 'link' or 'guid' attribute
ERROR:root:Skipping entry due to download error.
ERROR:root:Error downloading news: Entry object has no 'link' or 'guid' attribute
ERROR:root:Skipping entry due to download error.
ERROR:root:Error downloading news: Entry object has no 'link' or 'guid' attribute
ERROR:root:Skipping entry due to download error.
ERROR:root:Error downloading news: Entry object has no 'link' or 'guid' attribute
ERROR:root:Skipping entry due to download error.
ERROR:root:Error downloading news: Entry object has no 'link' or 'guid' attribute
ERROR:root:Skipping entry due to download error.
ERROR:root:Error downloading news: Entry object has no 'link' or 'guid' attribute
ERROR:root:Skipping entry due to download error.
ERROR:root:Error downloading news: Entry object has no 'link' or 'guid' attribute
ERROR:root:Skipping entry due to download error.
ERROR:root:Error downloading news: Entry object has no 'link' or 'guid' attribute
ERROR:root:Skipping entry due to download error.
ERROR:root:Error downloading news: Entry object has no 'link' or 'guid' attribute
ERROR:root:Skipping entry due to download error.
ERROR:root:Error downloading news: Entry object has no 'link' or 'guid' attribute
ERROR:root:Skipping entry due to download error.
ERROR:root:Error downloading news: Entry object has no 'link' or 'guid' attribute
ERROR:root:Skipping entry due to download error.
ERROR:root:Error downloading news: Entry object has no 'link' or 'guid' attribute
ERROR:root:Skipping entry due to download error.
ERROR:root:Error downloading news: Entry object has no 'link' or 'guid' attribute
ERROR:root:Skipping entry due to download error.
ERROR:root:Error downloading news: Entry object has no 'link' or 'guid' attribute
ERROR:root:Skipping entry due to download error.
ERROR:root:Error downloading news: Entry object has no 'link' or 'guid' attribute
ERROR:root:Skipping entry due to download error.
ERROR:root:Error downloading news: Entry object has no 'link' or 'guid' attribute
ERROR:root:Skipping entry due to download error.
ERROR:root:Error downloading news: Entry object has no 'link' or 'guid' attribute
ERROR:root:Skipping entry due to download error.
ERROR:root:Error downloading news: Entry object has no 'link' or 'guid' attribute
ERROR:root:Skipping entry due to download error.
ERROR:root:Error downloading news: Entry object has no 'link' or 'guid' attribute
ERROR:root:Skipping entry due to download error.
ERROR:root:Error downloading news: Entry object has no 'link' or 'guid' attribute
ERROR:root:Skipping entry due to download error.
ERROR:root:Error downloading news: Entry object has no 'link' or 'guid' attribute
ERROR:root:Skipping entry due to download error.
ERROR:root:Error downloading news: Entry object has no 'link' or 'guid' attribute
ERROR:root:Skipping entry due to download error.
ERROR:root:Error downloading news: Entry object has no 'link' or 'guid' attribute
ERROR:root:Skipping entry due to download error.
ERROR:root:Error downloading news: Entry object has no 'link' or 'guid' attribute
ERROR:root:Skipping entry due to download error.
ERROR:root:Error downloading news: Entry object has no 'link' or 'guid' attribute
ERROR:root:Skipping entry due to download error.
ERROR:root:Error downloading news: Entry object has no 'link' or 'guid' attribute
ERROR:root:Skipping entry due to download error.
ERROR:root:Error downloading news: Entry object has no 'link' or 'guid' attribute
ERROR:root:Skipping entry due to download error.
ERROR:root:Error downloading news: Entry object has no 'link' or 'guid' attribute
ERROR:root:Skipping entry due to download error.
ERROR:root:Error downloading news: Entry object has no 'link' or 'guid' attribute
ERROR:root:Skipping entry due to download error.
ERROR:root:Error downloading news: Entry object has no 'link' or 'guid' attribute
ERROR:root:Skipping entry due to download error.
ERROR:root:Error downloading news: Entry object has no 'link' or 'guid' attribute
ERROR:root:Skipping entry due to download error.
ERROR:root:Error downloading news: Entry object has no 'link' or 'guid' attribute
ERROR:root:Skipping entry due to download error.
ERROR:root:Error downloading news: Entry object has no 'link' or 'guid' attribute
ERROR:root:Skipping entry due to download error.
ERROR:root:Error downloading news: Entry object has no 'link' or 'guid' attribute
ERROR:root:Skipping entry due to download error.
ERROR:root:Error downloading news: Entry object has no 'link' or 'guid' attribute
ERROR:root:Skipping entry due to download error.
ERROR:root:Error downloading news: Entry object has no 'link' or 'guid' attribute
ERROR:root:Skipping entry due to download error.
ERROR:root:Error downloading news: Entry object has no 'link' or 'guid' attribute
ERROR:root:Skipping entry due to download error.
ERROR:root:Error downloading news: Entry object has no 'link' or 'guid' attribute
ERROR:root:Skipping entry due to download error.
ERROR:root:Error downloading news: Entry object has no 'link' or 'guid' attribute
ERROR:root:Skipping entry due to download error.
ERROR:root:Error downloading news: Entry object has no 'link' or 'guid' attribute
ERROR:root:Skipping entry due to download error.
ERROR:root:Error downloading news: Entry object has no 'link' or 'guid' attribute
ERROR:root:Skipping entry due to download error.
ERROR:root:Error downloading news: Entry object has no 'link' or 'guid' attribute
ERROR:root:Skipping entry due to download error.
ERROR:root:Error downloading news: Entry object has no 'link' or 'guid' attribute
ERROR:root:Skipping entry due to download error.
ERROR:root:Error downloading news: Entry object has no 'link' or 'guid' attribute
ERROR:root:Skipping entry due to download error.
ERROR:root:Error downloading news: Entry object has no 'link' or 'guid' attribute
ERROR:root:Skipping entry due to download error.
ERROR:root:Error downloading news: Entry object has no 'link' or 'guid' attribute
ERROR:root:Skipping entry due to download error.
ERROR:root:Error downloading news: Entry object has no 'link' or 'guid' attribute
ERROR:root:Skipping entry due to download error.
ERROR:root:Error downloading news: Entry object has no 'link' or 'guid' attribute
ERROR:root:Skipping entry due to download error.
ERROR:root:Error downloading news: Entry object has no 'link' or 'guid' attribute
ERROR:root:Skipping entry due to download error.
ERROR:root:Error downloading news: Entry object has no 'link' or 'guid' attribute
ERROR:root:Skipping entry due to download error.
ERROR:root:Error downloading news: Entry object has no 'link' or 'guid' attribute
ERROR:root:Skipping entry due to download error.
ERROR:root:Error downloading news: Entry object has no 'link' or 'guid' attribute
ERROR:root:Skipping entry due to download error.
ERROR:root:Error downloading news: Entry object has no 'link' or 'guid' attribute
ERROR:root:Skipping entry due to download error.
ERROR:root:Error downloading news: Entry object has no 'link' or 'guid' attribute
ERROR:root:Skipping entry due to download error.
ERROR:root:Error downloading news: Entry object has no 'link' or 'guid' attribute
ERROR:root:Skipping entry due to download error.
ERROR:root:Error downloading news: Entry object has no 'link' or 'guid' attribute
ERROR:root:Skipping entry due to download error.
ERROR:root:Error downloading news: Entry object has no 'link' or 'guid' attribute
ERROR:root:Skipping entry due to download error.
ERROR:root:Error downloading news: Entry object has no 'link' or 'guid' attribute
ERROR:root:Skipping entry due to download error.
ERROR:root:Error downloading news: Entry object has no 'link' or 'guid' attribute
ERROR:root:Skipping entry due to download error.
ERROR:root:Error downloading news: Entry object has no 'link' or 'guid' attribute
ERROR:root:Skipping entry due to download error.
ERROR:root:Error downloading news: Entry object has no 'link' or 'guid' attribute
ERROR:root:Skipping entry due to download error.
ERROR:root:Error downloading news: Entry object has no 'link' or 'guid' attribute
ERROR:root:Skipping entry due to download error.
ERROR:root:Error downloading news: Entry object has no 'link' or 'guid' attribute
ERROR:root:Skipping entry due to download error.
ERROR:root:Error downloading news: Entry object has no 'link' or 'guid' attribute
ERROR:root:Skipping entry due to download error.
ERROR:root:Error downloading news: Entry object has no 'link' or 'guid' attribute
ERROR:root:Skipping entry due to download error.
ERROR:root:Error downloading news: Entry object has no 'link' or 'guid' attribute
ERROR:root:Skipping entry due to download error.
ERROR:root:Error downloading news: Entry object has no 'link' or 'guid' attribute
ERROR:root:Skipping entry due to download error.
ERROR:root:Error downloading news: Entry object has no 'link' or 'guid' attribute
ERROR:root:Skipping entry due to download error.
ERROR:root:Error downloading news: Entry object has no 'link' or 'guid' attribute
ERROR:root:Skipping entry due to download error.
ERROR:root:Error downloading news: Entry object has no 'link' or 'guid' attribute
ERROR:root:Skipping entry due to download error.
ERROR:root:Error downloading news: Entry object has no 'link' or 'guid' attribute
ERROR:root:Skipping entry due to download error.
ERROR:root:Error downloading news: Entry object has no 'link' or 'guid' attribute
ERROR:root:Skipping entry due to download error.
ERROR:root:Error downloading news: Entry object has no 'link' or 'guid' attribute
ERROR:root:Skipping entry due to download error.
ERROR:root:Error downloading news: Entry object has no 'link' or 'guid' attribute
ERROR:root:Skipping entry due to download error.
ERROR:root:Error downloading news: Entry object has no 'link' or 'guid' attribute
ERROR:root:Skipping entry due to download error.
ERROR:root:Error downloading news: Entry object has no 'link' or 'guid' attribute
ERROR:root:Skipping entry due to download error.
ERROR:root:Error downloading news: Entry object has no 'link' or 'guid' attribute
ERROR:root:Skipping entry due to download error.
ERROR:root:Error downloading news: Entry object has no 'link' or 'guid' attribute
ERROR:root:Skipping entry due to download error.
ERROR:root:Error downloading news: Entry object has no 'link' or 'guid' attribute
ERROR:root:Skipping entry due to download error.
ERROR:root:Error downloading news: Entry object has no 'link' or 'guid' attribute
ERROR:root:Skipping entry due to download error.
ERROR:root:Error downloading news: Entry object has no 'link' or 'guid' attribute
ERROR:root:Skipping entry due to download error.
ERROR:root:Error downloading news: Entry object has no 'link' or 'guid' attribute
ERROR:root:Skipping entry due to download error.
ERROR:root:Error downloading news: Entry object has no 'link' or 'guid' attribute
ERROR:root:Skipping entry due to download error.
ERROR:root:Error downloading news: Entry object has no 'link' or 'guid' attribute
ERROR:root:Skipping entry due to download error.
ERROR:root:Error downloading news: Entry object has no 'link' or 'guid' attribute
ERROR:root:Skipping entry due to download error.
ERROR:root:Error downloading news: Entry object has no 'link' or 'guid' attribute
ERROR:root:Skipping entry due to download error.
ERROR:root:Error downloading news: Entry object has no 'link' or 'guid' attribute
ERROR:root:Skipping entry due to download error.
ERROR:root:Error downloading news: Entry object has no 'link' or 'guid' attribute
ERROR:root:Skipping entry due to download error.
ERROR:root:Error downloading news: Entry object has no 'link' or 'guid' attribute
ERROR:root:Skipping entry due to download error.
ERROR:root:Error downloading news: Entry object has no 'link' or 'guid' attribute
ERROR:root:Skipping entry due to download error.
ERROR:root:Error downloading news: Entry object has no 'link' or 'guid' attribute
ERROR:root:Skipping entry due to download error.
ERROR:root:Error downloading news: Entry object has no 'link' or 'guid' attribute
ERROR:root:Skipping entry due to download error.
ERROR:root:Error downloading news: Entry object has no 'link' or 'guid' attribute
ERROR:root:Skipping entry due to download error.
ERROR:root:Error downloading news: Entry object has no 'link' or 'guid' attribute
ERROR:root:Skipping entry due to download error.
ERROR:root:Error downloading news: Entry object has no 'link' or 'guid' attribute
ERROR:root:Skipping entry due to download error.
ERROR:root:Error downloading news: Entry object has no 'link' or 'guid' attribute
ERROR:root:Skipping entry due to download error.
ERROR:root:Error downloading news: Entry object has no 'link' or 'guid' attribute
ERROR:root:Skipping entry due to download error.
ERROR:root:Error downloading news: Entry object has no 'link' or 'guid' attribute
ERROR:root:Skipping entry due to download error.
ERROR:root:Error downloading news: Entry object has no 'link' or 'guid' attribute
ERROR:root:Skipping entry due to download error.
ERROR:root:Error downloading news: Entry object has no 'link' or 'guid' attribute
ERROR:root:Skipping entry due to download error.
ERROR:root:Error downloading news: Entry object has no 'link' or 'guid' attribute
ERROR:root:Skipping entry due to download error.
ERROR:root:Error downloading news: Entry object has no 'link' or 'guid' attribute
ERROR:root:Skipping entry due to download error.
ERROR:root:Error downloading news: Entry object has no 'link' or 'guid' attribute
ERROR:root:Skipping entry due to download error.
ERROR:root:Error downloading news: Entry object has no 'link' or 'guid' attribute
ERROR:root:Skipping entry due to download error.
ERROR:root:Error downloading news: Entry object has no 'link' or 'guid' attribute
ERROR:root:Skipping entry due to download error.
ERROR:root:Error downloading news: Entry object has no 'link' or 'guid' attribute
ERROR:root:Skipping entry due to download error.
ERROR:root:Error downloading news: Entry object has no 'link' or 'guid' attribute
ERROR:root:Skipping entry due to download error.
ERROR:root:Error downloading news: Entry object has no 'link' or 'guid' attribute
ERROR:root:Skipping entry due to download error.
ERROR:root:Error downloading news: Entry object has no 'link' or 'guid' attribute
ERROR:root:Skipping entry due to download error.
ERROR:root:Error downloading news: Entry object has no 'link' or 'guid' attribute
ERROR:root:Skipping entry due to download error.
ERROR:root:Error downloading news: Entry object has no 'link' or 'guid' attribute
ERROR:root:Skipping entry due to download error.
ERROR:root:Error downloading news: Entry object has no 'link' or 'guid' attribute
ERROR:root:Skipping entry due to download error.
ERROR:root:Error downloading news: Entry object has no 'link' or 'guid' attribute
ERROR:root:Skipping entry due to download error.
ERROR:root:Error downloading news: Entry object has no 'link' or 'guid' attribute
ERROR:root:Skipping entry due to download error.
ERROR:root:Error downloading news: Entry object has no 'link' or 'guid' attribute
ERROR:root:Skipping entry due to download error.
ERROR:root:Error downloading news: Entry object has no 'link' or 'guid' attribute
ERROR:root:Skipping entry due to download error.
ERROR:root:Error downloading news: Entry object has no 'link' or 'guid' attribute
ERROR:root:Skipping entry due to download error.
ERROR:root:Error downloading news: Entry object has no 'link' or 'guid' attribute
ERROR:root:Skipping entry due to download error.
ERROR:root:Error downloading news: Entry object has no 'link' or 'guid' attribute
ERROR:root:Skipping entry due to download error.
ERROR:root:Error downloading news: Entry object has no 'link' or 'guid' attribute
ERROR:root:Skipping entry due to download error.
ERROR:root:Error downloading news: Entry object has no 'link' or 'guid' attribute
ERROR:root:Skipping entry due to download error.
ERROR:root:Error downloading news: Entry object has no 'link' or 'guid' attribute
ERROR:root:Skipping entry due to download error.
ERROR:root:Error downloading news: Entry object has no 'link' or 'guid' attribute
ERROR:root:Skipping entry due to download error.
ERROR:root:Error downloading news: Entry object has no 'link' or 'guid' attribute
ERROR:root:Skipping entry due to download error.
ERROR:root:Error downloading news: Entry object has no 'link' or 'guid' attribute
ERROR:root:Skipping entry due to download error.
ERROR:root:Error downloading news: Entry object has no 'link' or 'guid' attribute
ERROR:root:Skipping entry due to download error.
ERROR:root:Error downloading news: Entry object has no 'link' or 'guid' attribute
ERROR:root:Skipping entry due to download error.
ERROR:root:Error downloading news: Entry object has no 'link' or 'guid' attribute
ERROR:root:Skipping entry due to download error.
ERROR:root:Error downloading news: Entry object has no 'link' or 'guid' attribute
ERROR:root:Skipping entry due to download error.
ERROR:root:Error downloading news: Entry object has no 'link' or 'guid' attribute
ERROR:root:Skipping entry due to download error.
ERROR:root:Error downloading news: Entry object has no 'link' or 'guid' attribute
ERROR:root:Skipping entry due to download error.
ERROR:root:Error downloading news: Entry object has no 'link' or 'guid' attribute
ERROR:root:Skipping entry due to download error.
ERROR:root:Error downloading news: Entry object has no 'link' or 'guid' attribute
ERROR:root:Skipping entry due to download error.
ERROR:root:Error downloading news: Entry object has no 'link' or 'guid' attribute
ERROR:root:Skipping entry due to download error.
ERROR:root:Error downloading news: Entry object has no 'link' or 'guid' attribute
ERROR:root:Skipping entry due to download error.
ERROR:root:Error downloading news: Entry object has no 'link' or 'guid' attribute
ERROR:root:Skipping entry due to download error.
ERROR:root:Error downloading news: Entry object has no 'link' or 'guid' attribute
ERROR:root:Skipping entry due to download error.
ERROR:root:Error downloading news: Entry object has no 'link' or 'guid' attribute
ERROR:root:Skipping entry due to download error.
ERROR:root:Error downloading news: Entry object has no 'link' or 'guid' attribute
ERROR:root:Skipping entry due to download error.
ERROR:root:Error downloading news: Entry object has no 'link' or 'guid' attribute
ERROR:root:Skipping entry due to download error.
ERROR:root:Error downloading news: Entry object has no 'link' or 'guid' attribute
ERROR:root:Skipping entry due to download error.
ERROR:root:Error downloading news: Entry object has no 'link' or 'guid' attribute
ERROR:root:Skipping entry due to download error.
ERROR:root:Error downloading news: Entry object has no 'link' or 'guid' attribute
ERROR:root:Skipping entry due to download error.
ERROR:root:Error downloading news: Entry object has no 'link' or 'guid' attribute
ERROR:root:Skipping entry due to download error.
ERROR:root:Error downloading news: Entry object has no 'link' or 'guid' attribute
ERROR:root:Skipping entry due to download error.
ERROR:root:Error downloading news: Entry object has no 'link' or 'guid' attribute
ERROR:root:Skipping entry due to download error.
ERROR:root:Error downloading news: Entry object has no 'link' or 'guid' attribute
ERROR:root:Skipping entry due to download error.
ERROR:root:Error downloading news: Entry object has no 'link' or 'guid' attribute
ERROR:root:Skipping entry due to download error.
ERROR:root:Error downloading news: Entry object has no 'link' or 'guid' attribute
ERROR:root:Skipping entry due to download error.
ERROR:root:Error downloading news: Entry object has no 'link' or 'guid' attribute
ERROR:root:Skipping entry due to download error.
ERROR:root:Error downloading news: Entry object has no 'link' or 'guid' attribute
ERROR:root:Skipping entry due to download error.
ERROR:root:Error downloading news: Entry object has no 'link' or 'guid' attribute
ERROR:root:Skipping entry due to download error.
ERROR:root:Error downloading news: Entry object has no 'link' or 'guid' attribute
ERROR:root:Skipping entry due to download error.
ERROR:root:Error downloading news: Entry object has no 'link' or 'guid' attribute
ERROR:root:Skipping entry due to download error.
ERROR:root:Error downloading news: Entry object has no 'link' or 'guid' attribute
ERROR:root:Skipping entry due to download error.
ERROR:root:Error downloading news: Entry object has no 'link' or 'guid' attribute
ERROR:root:Skipping entry due to download error.
ERROR:root:Error downloading news: Entry object has no 'link' or 'guid' attribute
ERROR:root:Skipping entry due to download error.
ERROR:root:Error downloading news: Entry object has no 'link' or 'guid' attribute
ERROR:root:Skipping entry due to download error.
ERROR:root:Error downloading news: Entry object has no 'link' or 'guid' attribute
ERROR:root:Skipping entry due to download error.
ERROR:root:Error downloading news: Entry object has no 'link' or 'guid' attribute
ERROR:root:Skipping entry due to download error.
ERROR:root:Error downloading news: Entry object has no 'link' or 'guid' attribute
ERROR:root:Skipping entry due to download error.
ERROR:root:Error downloading news: Entry object has no 'link' or 'guid' attribute
ERROR:root:Skipping entry due to download error.
ERROR:root:Error downloading news: Entry object has no 'link' or 'guid' attribute
ERROR:root:Skipping entry due to download error.
ERROR:root:Error downloading news: Entry object has no 'link' or 'guid' attribute
ERROR:root:Skipping entry due to download error.
ERROR:root:Error downloading news: Entry object has no 'link' or 'guid' attribute
ERROR:root:Skipping entry due to download error.
ERROR:root:Error downloading news: Entry object has no 'link' or 'guid' attribute
ERROR:root:Skipping entry due to download error.
ERROR:root:Error downloading news: Entry object has no 'link' or 'guid' attribute
ERROR:root:Skipping entry due to download error.
ERROR:root:Error downloading news: Entry object has no 'link' or 'guid' attribute
ERROR:root:Skipping entry due to download error.
ERROR:root:Error downloading news: Entry object has no 'link' or 'guid' attribute
ERROR:root:Skipping entry due to download error.
ERROR:root:Error downloading news: Entry object has no 'link' or 'guid' attribute
ERROR:root:Skipping entry due to download error.
ERROR:root:Error downloading news: Entry object has no 'link' or 'guid' attribute
ERROR:root:Skipping entry due to download error.
ERROR:root:Error downloading news: Entry object has no 'link' or 'guid' attribute
ERROR:root:Skipping entry due to download error.
ERROR:root:Error downloading news: Entry object has no 'link' or 'guid' attribute
ERROR:root:Skipping entry due to download error.
ERROR:root:Error downloading news: Entry object has no 'link' or 'guid' attribute
ERROR:root:Skipping entry due to download error.
ERROR:root:Error downloading news: Entry object has no 'link' or 'guid' attribute
ERROR:root:Skipping entry due to download error.
ERROR:root:Error downloading news: Entry object has no 'link' or 'guid' attribute
ERROR:root:Skipping entry due to download error.
ERROR:root:Error downloading news: Entry object has no 'link' or 'guid' attribute
ERROR:root:Skipping entry due to download error.
ERROR:root:Error downloading news: Entry object has no 'link' or 'guid' attribute
ERROR:root:Skipping entry due to download error.
ERROR:root:Error downloading news: Entry object has no 'link' or 'guid' attribute
ERROR:root:Skipping entry due to download error.
ERROR:root:Error downloading news: Entry object has no 'link' or 'guid' attribute
ERROR:root:Skipping entry due to download error.
ERROR:root:Error downloading news: Entry object has no 'link' or 'guid' attribute
ERROR:root:Skipping entry due to download error.
ERROR:root:Error downloading news: Entry object has no 'link' or 'guid' attribute
ERROR:root:Skipping entry due to download error.
ERROR:root:Error downloading news: Entry object has no 'link' or 'guid' attribute
ERROR:root:Skipping entry due to download error.
ERROR:root:Error downloading news: Entry object has no 'link' or 'guid' attribute
ERROR:root:Skipping entry due to download error.
ERROR:root:Error downloading news: Entry object has no 'link' or 'guid' attribute
ERROR:root:Skipping entry due to download error.
WARNING:django.request:Not Found: /category/assets/img/gallery/whats_news_details1.png
WARNING:django.request:Not Found: /category/assets/img/gallery/whats_news_details2.png
WARNING:django.request:Not Found: /static/assets/img/news/news_card.jpg
WARNING:django.request:Not Found: /category/assets/img/gallery/whats_news_details3.png
WARNING:django.request:Not Found: /category/assets/img/gallery/whats_news_details4.png
WARNING:django.request:Not Found: /category/assets/img/gallery/whats_news_details5.png
WARNING:django.request:Not Found: /category/assets/img/gallery/whats_news_details6.png
INFO:django.utils.autoreload:/usr/local/lsws/Example/html/dentist/website/views.py changed, reloading.
ERROR:root:Entry object has no 'link' or 'guid' attribute. Skipping entry.
ERROR:root:Skipping entry due to download error.
ERROR:root:Entry object has no 'link' or 'guid' attribute. Skipping entry.
ERROR:root:Skipping entry due to download error.
ERROR:root:Entry object has no 'link' or 'guid' attribute. Skipping entry.
ERROR:root:Skipping entry due to download error.
ERROR:root:Entry object has no 'link' or 'guid' attribute. Skipping entry.
ERROR:root:Skipping entry due to download error.
ERROR:root:Entry object has no 'link' or 'guid' attribute. Skipping entry.
ERROR:root:Skipping entry due to download error.
ERROR:root:Entry object has no 'link' or 'guid' attribute. Skipping entry.
ERROR:root:Skipping entry due to download error.
ERROR:root:Entry object has no 'link' or 'guid' attribute. Skipping entry.
ERROR:root:Skipping entry due to download error.
ERROR:root:Entry object has no 'link' or 'guid' attribute. Skipping entry.
ERROR:root:Skipping entry due to download error.
ERROR:root:Entry object has no 'link' or 'guid' attribute. Skipping entry.
ERROR:root:Skipping entry due to download error.
ERROR:root:Entry object has no 'link' or 'guid' attribute. Skipping entry.
ERROR:root:Skipping entry due to download error.
ERROR:root:Entry object has no 'link' or 'guid' attribute. Skipping entry.
ERROR:root:Skipping entry due to download error.
ERROR:root:Entry object has no 'link' or 'guid' attribute. Skipping entry.
ERROR:root:Skipping entry due to download error.
ERROR:root:Entry object has no 'link' or 'guid' attribute. Skipping entry.
ERROR:root:Skipping entry due to download error.
ERROR:root:Entry object has no 'link' or 'guid' attribute. Skipping entry.
ERROR:root:Skipping entry due to download error.
ERROR:root:Entry object has no 'link' or 'guid' attribute. Skipping entry.
ERROR:root:Skipping entry due to download error.
ERROR:root:Entry object has no 'link' or 'guid' attribute. Skipping entry.
ERROR:root:Skipping entry due to download error.
ERROR:root:Entry object has no 'link' or 'guid' attribute. Skipping entry.
ERROR:root:Skipping entry due to download error.
ERROR:root:Entry object has no 'link' or 'guid' attribute. Skipping entry.
ERROR:root:Skipping entry due to download error.
ERROR:root:Entry object has no 'link' or 'guid' attribute. Skipping entry.
ERROR:root:Skipping entry due to download error.
ERROR:root:Entry object has no 'link' or 'guid' attribute. Skipping entry.
ERROR:root:Skipping entry due to download error.
ERROR:root:Entry object has no 'link' or 'guid' attribute. Skipping entry.
ERROR:root:Skipping entry due to download error.
ERROR:root:Entry object has no 'link' or 'guid' attribute. Skipping entry.
ERROR:root:Skipping entry due to download error.
ERROR:root:Entry object has no 'link' or 'guid' attribute. Skipping entry.
ERROR:root:Skipping entry due to download error.
ERROR:root:Entry object has no 'link' or 'guid' attribute. Skipping entry.
ERROR:root:Skipping entry due to download error.
ERROR:root:Entry object has no 'link' or 'guid' attribute. Skipping entry.
ERROR:root:Skipping entry due to download error.
ERROR:root:Entry object has no 'link' or 'guid' attribute. Skipping entry.
ERROR:root:Skipping entry due to download error.
ERROR:root:Entry object has no 'link' or 'guid' attribute. Skipping entry.
ERROR:root:Skipping entry due to download error.
ERROR:root:Entry object has no 'link' or 'guid' attribute. Skipping entry.
ERROR:root:Skipping entry due to download error.
ERROR:root:Entry object has no 'link' or 'guid' attribute. Skipping entry.
ERROR:root:Skipping entry due to download error.
ERROR:root:Entry object has no 'link' or 'guid' attribute. Skipping entry.
ERROR:root:Skipping entry due to download error.
ERROR:root:Entry object has no 'link' or 'guid' attribute. Skipping entry.
ERROR:root:Skipping entry due to download error.
ERROR:root:Entry object has no 'link' or 'guid' attribute. Skipping entry.
ERROR:root:Skipping entry due to download error.
ERROR:root:Entry object has no 'link' or 'guid' attribute. Skipping entry.
ERROR:root:Skipping entry due to download error.
ERROR:root:Entry object has no 'link' or 'guid' attribute. Skipping entry.
ERROR:root:Skipping entry due to download error.
ERROR:root:Entry object has no 'link' or 'guid' attribute. Skipping entry.
ERROR:root:Skipping entry due to download error.
ERROR:root:Entry object has no 'link' or 'guid' attribute. Skipping entry.
ERROR:root:Skipping entry due to download error.
ERROR:root:Entry object has no 'link' or 'guid' attribute. Skipping entry.
ERROR:root:Skipping entry due to download error.
ERROR:root:Entry object has no 'link' or 'guid' attribute. Skipping entry.
ERROR:root:Skipping entry due to download error.
ERROR:root:Entry object has no 'link' or 'guid' attribute. Skipping entry.
ERROR:root:Skipping entry due to download error.
ERROR:root:Entry object has no 'link' or 'guid' attribute. Skipping entry.
ERROR:root:Skipping entry due to download error.
ERROR:root:Entry object has no 'link' or 'guid' attribute. Skipping entry.
ERROR:root:Skipping entry due to download error.
ERROR:root:Entry object has no 'link' or 'guid' attribute. Skipping entry.
ERROR:root:Skipping entry due to download error.
ERROR:root:Entry object has no 'link' or 'guid' attribute. Skipping entry.
ERROR:root:Skipping entry due to download error.
ERROR:root:Entry object has no 'link' or 'guid' attribute. Skipping entry.
ERROR:root:Skipping entry due to download error.
ERROR:root:Entry object has no 'link' or 'guid' attribute. Skipping entry.
ERROR:root:Skipping entry due to download error.
ERROR:root:Entry object has no 'link' or 'guid' attribute. Skipping entry.
ERROR:root:Skipping entry due to download error.
ERROR:root:Entry object has no 'link' or 'guid' attribute. Skipping entry.
ERROR:root:Skipping entry due to download error.
ERROR:root:Entry object has no 'link' or 'guid' attribute. Skipping entry.
ERROR:root:Skipping entry due to download error.
ERROR:root:Entry object has no 'link' or 'guid' attribute. Skipping entry.
ERROR:root:Skipping entry due to download error.
ERROR:root:Entry object has no 'link' or 'guid' attribute. Skipping entry.
ERROR:root:Skipping entry due to download error.
ERROR:root:Entry object has no 'link' or 'guid' attribute. Skipping entry.
ERROR:root:Skipping entry due to download error.
ERROR:root:Entry object has no 'link' or 'guid' attribute. Skipping entry.
ERROR:root:Skipping entry due to download error.
ERROR:root:Entry object has no 'link' or 'guid' attribute. Skipping entry.
ERROR:root:Skipping entry due to download error.
ERROR:root:Entry object has no 'link' or 'guid' attribute. Skipping entry.
ERROR:root:Skipping entry due to download error.
ERROR:root:Entry object has no 'link' or 'guid' attribute. Skipping entry.
ERROR:root:Skipping entry due to download error.
ERROR:root:Entry object has no 'link' or 'guid' attribute. Skipping entry.
ERROR:root:Skipping entry due to download error.
ERROR:root:Entry object has no 'link' or 'guid' attribute. Skipping entry.
ERROR:root:Skipping entry due to download error.
ERROR:root:Entry object has no 'link' or 'guid' attribute. Skipping entry.
ERROR:root:Skipping entry due to download error.
ERROR:root:Entry object has no 'link' or 'guid' attribute. Skipping entry.
ERROR:root:Skipping entry due to download error.
ERROR:root:Entry object has no 'link' or 'guid' attribute. Skipping entry.
ERROR:root:Skipping entry due to download error.
ERROR:root:Entry object has no 'link' or 'guid' attribute. Skipping entry.
ERROR:root:Skipping entry due to download error.
ERROR:root:Entry object has no 'link' or 'guid' attribute. Skipping entry.
ERROR:root:Skipping entry due to download error.
ERROR:root:Entry object has no 'link' or 'guid' attribute. Skipping entry.
ERROR:root:Skipping entry due to download error.
ERROR:root:Entry object has no 'link' or 'guid' attribute. Skipping entry.
ERROR:root:Skipping entry due to download error.
ERROR:root:Entry object has no 'link' or 'guid' attribute. Skipping entry.
ERROR:root:Skipping entry due to download error.
ERROR:root:Entry object has no 'link' or 'guid' attribute. Skipping entry.
ERROR:root:Skipping entry due to download error.
ERROR:root:Entry object has no 'link' or 'guid' attribute. Skipping entry.
ERROR:root:Skipping entry due to download error.
ERROR:root:Entry object has no 'link' or 'guid' attribute. Skipping entry.
ERROR:root:Skipping entry due to download error.
ERROR:root:Entry object has no 'link' or 'guid' attribute. Skipping entry.
ERROR:root:Skipping entry due to download error.
ERROR:root:Entry object has no 'link' or 'guid' attribute. Skipping entry.
ERROR:root:Skipping entry due to download error.
ERROR:root:Entry object has no 'link' or 'guid' attribute. Skipping entry.
ERROR:root:Skipping entry due to download error.
ERROR:root:Entry object has no 'link' or 'guid' attribute. Skipping entry.
ERROR:root:Skipping entry due to download error.
ERROR:root:Entry object has no 'link' or 'guid' attribute. Skipping entry.
ERROR:root:Skipping entry due to download error.
ERROR:root:Entry object has no 'link' or 'guid' attribute. Skipping entry.
ERROR:root:Skipping entry due to download error.
ERROR:root:Entry object has no 'link' or 'guid' attribute. Skipping entry.
ERROR:root:Skipping entry due to download error.
ERROR:root:Entry object has no 'link' or 'guid' attribute. Skipping entry.
ERROR:root:Skipping entry due to download error.
ERROR:root:Entry object has no 'link' or 'guid' attribute. Skipping entry.
ERROR:root:Skipping entry due to download error.
ERROR:root:Entry object has no 'link' or 'guid' attribute. Skipping entry.
ERROR:root:Skipping entry due to download error.
ERROR:root:Entry object has no 'link' or 'guid' attribute. Skipping entry.
ERROR:root:Skipping entry due to download error.
ERROR:root:Entry object has no 'link' or 'guid' attribute. Skipping entry.
ERROR:root:Skipping entry due to download error.
ERROR:root:Entry object has no 'link' or 'guid' attribute. Skipping entry.
ERROR:root:Skipping entry due to download error.
ERROR:root:Entry object has no 'link' or 'guid' attribute. Skipping entry.
ERROR:root:Skipping entry due to download error.
ERROR:root:Entry object has no 'link' or 'guid' attribute. Skipping entry.
ERROR:root:Skipping entry due to download error.
ERROR:root:Entry object has no 'link' or 'guid' attribute. Skipping entry.
ERROR:root:Skipping entry due to download error.
ERROR:root:Entry object has no 'link' or 'guid' attribute. Skipping entry.
ERROR:root:Skipping entry due to download error.
ERROR:root:Entry object has no 'link' or 'guid' attribute. Skipping entry.
ERROR:root:Skipping entry due to download error.
ERROR:root:Entry object has no 'link' or 'guid' attribute. Skipping entry.
ERROR:root:Skipping entry due to download error.
ERROR:root:Entry object has no 'link' or 'guid' attribute. Skipping entry.
ERROR:root:Skipping entry due to download error.
ERROR:root:Entry object has no 'link' or 'guid' attribute. Skipping entry.
ERROR:root:Skipping entry due to download error.
ERROR:root:Entry object has no 'link' or 'guid' attribute. Skipping entry.
ERROR:root:Skipping entry due to download error.
ERROR:root:Entry object has no 'link' or 'guid' attribute. Skipping entry.
ERROR:root:Skipping entry due to download error.
ERROR:root:Entry object has no 'link' or 'guid' attribute. Skipping entry.
ERROR:root:Skipping entry due to download error.
ERROR:root:Entry object has no 'link' or 'guid' attribute. Skipping entry.
ERROR:root:Skipping entry due to download error.
ERROR:root:Entry object has no 'link' or 'guid' attribute. Skipping entry.
ERROR:root:Skipping entry due to download error.
ERROR:root:Entry object has no 'link' or 'guid' attribute. Skipping entry.
ERROR:root:Skipping entry due to download error.
ERROR:root:Entry object has no 'link' or 'guid' attribute. Skipping entry.
ERROR:root:Skipping entry due to download error.
ERROR:root:Entry object has no 'link' or 'guid' attribute. Skipping entry.
ERROR:root:Skipping entry due to download error.
ERROR:root:Entry object has no 'link' or 'guid' attribute. Skipping entry.
ERROR:root:Skipping entry due to download error.
ERROR:root:Entry object has no 'link' or 'guid' attribute. Skipping entry.
ERROR:root:Skipping entry due to download error.
ERROR:root:Entry object has no 'link' or 'guid' attribute. Skipping entry.
ERROR:root:Skipping entry due to download error.
ERROR:root:Entry object has no 'link' or 'guid' attribute. Skipping entry.
ERROR:root:Skipping entry due to download error.
ERROR:root:Entry object has no 'link' or 'guid' attribute. Skipping entry.
ERROR:root:Skipping entry due to download error.
ERROR:root:Entry object has no 'link' or 'guid' attribute. Skipping entry.
ERROR:root:Skipping entry due to download error.
ERROR:root:Entry object has no 'link' or 'guid' attribute. Skipping entry.
ERROR:root:Skipping entry due to download error.
ERROR:root:Entry object has no 'link' or 'guid' attribute. Skipping entry.
ERROR:root:Skipping entry due to download error.
ERROR:root:Entry object has no 'link' or 'guid' attribute. Skipping entry.
ERROR:root:Skipping entry due to download error.
ERROR:root:Entry object has no 'link' or 'guid' attribute. Skipping entry.
ERROR:root:Skipping entry due to download error.
ERROR:root:Entry object has no 'link' or 'guid' attribute. Skipping entry.
ERROR:root:Skipping entry due to download error.
ERROR:root:Entry object has no 'link' or 'guid' attribute. Skipping entry.
ERROR:root:Skipping entry due to download error.
ERROR:root:Entry object has no 'link' or 'guid' attribute. Skipping entry.
ERROR:root:Skipping entry due to download error.
ERROR:root:Entry object has no 'link' or 'guid' attribute. Skipping entry.
ERROR:root:Skipping entry due to download error.
ERROR:root:Entry object has no 'link' or 'guid' attribute. Skipping entry.
ERROR:root:Skipping entry due to download error.
ERROR:root:Entry object has no 'link' or 'guid' attribute. Skipping entry.
ERROR:root:Skipping entry due to download error.
ERROR:root:Entry object has no 'link' or 'guid' attribute. Skipping entry.
ERROR:root:Skipping entry due to download error.
ERROR:root:Entry object has no 'link' or 'guid' attribute. Skipping entry.
ERROR:root:Skipping entry due to download error.
ERROR:root:Entry object has no 'link' or 'guid' attribute. Skipping entry.
ERROR:root:Skipping entry due to download error.
ERROR:root:Entry object has no 'link' or 'guid' attribute. Skipping entry.
ERROR:root:Skipping entry due to download error.
ERROR:root:Entry object has no 'link' or 'guid' attribute. Skipping entry.
ERROR:root:Skipping entry due to download error.
ERROR:root:Entry object has no 'link' or 'guid' attribute. Skipping entry.
ERROR:root:Skipping entry due to download error.
ERROR:root:Entry object has no 'link' or 'guid' attribute. Skipping entry.
ERROR:root:Skipping entry due to download error.
ERROR:root:Entry object has no 'link' or 'guid' attribute. Skipping entry.
ERROR:root:Skipping entry due to download error.
ERROR:root:Entry object has no 'link' or 'guid' attribute. Skipping entry.
ERROR:root:Skipping entry due to download error.
ERROR:root:Entry object has no 'link' or 'guid' attribute. Skipping entry.
ERROR:root:Skipping entry due to download error.
ERROR:root:Entry object has no 'link' or 'guid' attribute. Skipping entry.
ERROR:root:Skipping entry due to download error.
ERROR:root:Entry object has no 'link' or 'guid' attribute. Skipping entry.
ERROR:root:Skipping entry due to download error.
ERROR:root:Entry object has no 'link' or 'guid' attribute. Skipping entry.
ERROR:root:Skipping entry due to download error.
ERROR:root:Entry object has no 'link' or 'guid' attribute. Skipping entry.
ERROR:root:Skipping entry due to download error.
ERROR:root:Entry object has no 'link' or 'guid' attribute. Skipping entry.
ERROR:root:Skipping entry due to download error.
ERROR:root:Entry object has no 'link' or 'guid' attribute. Skipping entry.
ERROR:root:Skipping entry due to download error.
ERROR:root:Entry object has no 'link' or 'guid' attribute. Skipping entry.
ERROR:root:Skipping entry due to download error.
ERROR:root:Entry object has no 'link' or 'guid' attribute. Skipping entry.
ERROR:root:Skipping entry due to download error.
ERROR:root:Entry object has no 'link' or 'guid' attribute. Skipping entry.
ERROR:root:Skipping entry due to download error.
ERROR:root:Entry object has no 'link' or 'guid' attribute. Skipping entry.
ERROR:root:Skipping entry due to download error.
ERROR:root:Entry object has no 'link' or 'guid' attribute. Skipping entry.
ERROR:root:Skipping entry due to download error.
ERROR:root:Entry object has no 'link' or 'guid' attribute. Skipping entry.
ERROR:root:Skipping entry due to download error.
ERROR:root:Entry object has no 'link' or 'guid' attribute. Skipping entry.
ERROR:root:Skipping entry due to download error.
ERROR:root:Entry object has no 'link' or 'guid' attribute. Skipping entry.
ERROR:root:Skipping entry due to download error.
ERROR:root:Entry object has no 'link' or 'guid' attribute. Skipping entry.
ERROR:root:Skipping entry due to download error.
ERROR:root:Entry object has no 'link' or 'guid' attribute. Skipping entry.
ERROR:root:Skipping entry due to download error.
ERROR:root:Entry object has no 'link' or 'guid' attribute. Skipping entry.
ERROR:root:Skipping entry due to download error.
ERROR:root:Entry object has no 'link' or 'guid' attribute. Skipping entry.
ERROR:root:Skipping entry due to download error.
ERROR:root:Entry object has no 'link' or 'guid' attribute. Skipping entry.
ERROR:root:Skipping entry due to download error.
ERROR:root:Entry object has no 'link' or 'guid' attribute. Skipping entry.
ERROR:root:Skipping entry due to download error.
ERROR:root:Entry object has no 'link' or 'guid' attribute. Skipping entry.
ERROR:root:Skipping entry due to download error.
ERROR:root:Entry object has no 'link' or 'guid' attribute. Skipping entry.
ERROR:root:Skipping entry due to download error.
ERROR:root:Entry object has no 'link' or 'guid' attribute. Skipping entry.
ERROR:root:Skipping entry due to download error.
ERROR:root:Entry object has no 'link' or 'guid' attribute. Skipping entry.
ERROR:root:Skipping entry due to download error.
ERROR:root:Entry object has no 'link' or 'guid' attribute. Skipping entry.
ERROR:root:Skipping entry due to download error.
ERROR:root:Entry object has no 'link' or 'guid' attribute. Skipping entry.
ERROR:root:Skipping entry due to download error.
ERROR:root:Entry object has no 'link' or 'guid' attribute. Skipping entry.
ERROR:root:Skipping entry due to download error.
ERROR:root:Entry object has no 'link' or 'guid' attribute. Skipping entry.
ERROR:root:Skipping entry due to download error.
ERROR:root:Entry object has no 'link' or 'guid' attribute. Skipping entry.
ERROR:root:Skipping entry due to download error.
ERROR:root:Entry object has no 'link' or 'guid' attribute. Skipping entry.
ERROR:root:Skipping entry due to download error.
ERROR:root:Entry object has no 'link' or 'guid' attribute. Skipping entry.
ERROR:root:Skipping entry due to download error.
ERROR:root:Entry object has no 'link' or 'guid' attribute. Skipping entry.
ERROR:root:Skipping entry due to download error.
ERROR:root:Entry object has no 'link' or 'guid' attribute. Skipping entry.
ERROR:root:Skipping entry due to download error.
ERROR:root:Entry object has no 'link' or 'guid' attribute. Skipping entry.
ERROR:root:Skipping entry due to download error.
ERROR:root:Entry object has no 'link' or 'guid' attribute. Skipping entry.
ERROR:root:Skipping entry due to download error.
ERROR:root:Entry object has no 'link' or 'guid' attribute. Skipping entry.
ERROR:root:Skipping entry due to download error.
ERROR:root:Entry object has no 'link' or 'guid' attribute. Skipping entry.
ERROR:root:Skipping entry due to download error.
ERROR:root:Entry object has no 'link' or 'guid' attribute. Skipping entry.
ERROR:root:Skipping entry due to download error.
ERROR:root:Entry object has no 'link' or 'guid' attribute. Skipping entry.
ERROR:root:Skipping entry due to download error.
ERROR:root:Entry object has no 'link' or 'guid' attribute. Skipping entry.
ERROR:root:Skipping entry due to download error.
ERROR:root:Entry object has no 'link' or 'guid' attribute. Skipping entry.
ERROR:root:Skipping entry due to download error.
ERROR:root:Entry object has no 'link' or 'guid' attribute. Skipping entry.
ERROR:root:Skipping entry due to download error.
ERROR:root:Entry object has no 'link' or 'guid' attribute. Skipping entry.
ERROR:root:Skipping entry due to download error.
ERROR:root:Entry object has no 'link' or 'guid' attribute. Skipping entry.
ERROR:root:Skipping entry due to download error.
ERROR:root:Entry object has no 'link' or 'guid' attribute. Skipping entry.
ERROR:root:Skipping entry due to download error.
ERROR:root:Entry object has no 'link' or 'guid' attribute. Skipping entry.
ERROR:root:Skipping entry due to download error.
ERROR:root:Entry object has no 'link' or 'guid' attribute. Skipping entry.
ERROR:root:Skipping entry due to download error.
ERROR:root:Entry object has no 'link' or 'guid' attribute. Skipping entry.
ERROR:root:Skipping entry due to download error.
ERROR:root:Entry object has no 'link' or 'guid' attribute. Skipping entry.
ERROR:root:Skipping entry due to download error.
ERROR:root:Entry object has no 'link' or 'guid' attribute. Skipping entry.
ERROR:root:Skipping entry due to download error.
ERROR:root:Entry object has no 'link' or 'guid' attribute. Skipping entry.
ERROR:root:Skipping entry due to download error.
ERROR:root:Entry object has no 'link' or 'guid' attribute. Skipping entry.
ERROR:root:Skipping entry due to download error.
ERROR:root:Entry object has no 'link' or 'guid' attribute. Skipping entry.
ERROR:root:Skipping entry due to download error.
ERROR:root:Entry object has no 'link' or 'guid' attribute. Skipping entry.
ERROR:root:Skipping entry due to download error.
ERROR:root:Entry object has no 'link' or 'guid' attribute. Skipping entry.
ERROR:root:Skipping entry due to download error.
ERROR:root:Entry object has no 'link' or 'guid' attribute. Skipping entry.
ERROR:root:Skipping entry due to download error.
ERROR:root:Entry object has no 'link' or 'guid' attribute. Skipping entry.
ERROR:root:Skipping entry due to download error.
ERROR:root:Entry object has no 'link' or 'guid' attribute. Skipping entry.
ERROR:root:Skipping entry due to download error.
ERROR:root:Entry object has no 'link' or 'guid' attribute. Skipping entry.
ERROR:root:Skipping entry due to download error.
ERROR:root:Entry object has no 'link' or 'guid' attribute. Skipping entry.
ERROR:root:Skipping entry due to download error.
ERROR:root:Entry object has no 'link' or 'guid' attribute. Skipping entry.
ERROR:root:Skipping entry due to download error.
ERROR:root:Entry object has no 'link' or 'guid' attribute. Skipping entry.
ERROR:root:Skipping entry due to download error.
ERROR:root:Entry object has no 'link' or 'guid' attribute. Skipping entry.
ERROR:root:Skipping entry due to download error.
ERROR:root:Entry object has no 'link' or 'guid' attribute. Skipping entry.
ERROR:root:Skipping entry due to download error.
ERROR:root:Entry object has no 'link' or 'guid' attribute. Skipping entry.
ERROR:root:Skipping entry due to download error.
ERROR:root:Entry object has no 'link' or 'guid' attribute. Skipping entry.
ERROR:root:Skipping entry due to download error.
ERROR:root:Entry object has no 'link' or 'guid' attribute. Skipping entry.
ERROR:root:Skipping entry due to download error.
ERROR:root:Entry object has no 'link' or 'guid' attribute. Skipping entry.
ERROR:root:Skipping entry due to download error.
ERROR:root:Entry object has no 'link' or 'guid' attribute. Skipping entry.
ERROR:root:Skipping entry due to download error.
ERROR:root:Entry object has no 'link' or 'guid' attribute. Skipping entry.
ERROR:root:Skipping entry due to download error.
ERROR:root:Entry object has no 'link' or 'guid' attribute. Skipping entry.
ERROR:root:Skipping entry due to download error.
ERROR:root:Entry object has no 'link' or 'guid' attribute. Skipping entry.
ERROR:root:Skipping entry due to download error.
ERROR:root:Entry object has no 'link' or 'guid' attribute. Skipping entry.
ERROR:root:Skipping entry due to download error.
ERROR:root:Entry object has no 'link' or 'guid' attribute. Skipping entry.
ERROR:root:Skipping entry due to download error.
ERROR:root:Entry object has no 'link' or 'guid' attribute. Skipping entry.
ERROR:root:Skipping entry due to download error.
ERROR:root:Entry object has no 'link' or 'guid' attribute. Skipping entry.
ERROR:root:Skipping entry due to download error.
ERROR:root:Entry object has no 'link' or 'guid' attribute. Skipping entry.
ERROR:root:Skipping entry due to download error.
ERROR:root:Entry object has no 'link' or 'guid' attribute. Skipping entry.
ERROR:root:Skipping entry due to download error.
ERROR:root:Entry object has no 'link' or 'guid' attribute. Skipping entry.
ERROR:root:Skipping entry due to download error.
ERROR:root:Entry object has no 'link' or 'guid' attribute. Skipping entry.
ERROR:root:Skipping entry due to download error.
ERROR:root:Entry object has no 'link' or 'guid' attribute. Skipping entry.
ERROR:root:Skipping entry due to download error.
ERROR:root:Entry object has no 'link' or 'guid' attribute. Skipping entry.
ERROR:root:Skipping entry due to download error.
ERROR:root:Entry object has no 'link' or 'guid' attribute. Skipping entry.
ERROR:root:Skipping entry due to download error.
ERROR:root:Entry object has no 'link' or 'guid' attribute. Skipping entry.
ERROR:root:Skipping entry due to download error.
ERROR:root:Entry object has no 'link' or 'guid' attribute. Skipping entry.
ERROR:root:Skipping entry due to download error.
ERROR:root:Entry object has no 'link' or 'guid' attribute. Skipping entry.
ERROR:root:Skipping entry due to download error.
ERROR:root:Entry object has no 'link' or 'guid' attribute. Skipping entry.
ERROR:root:Skipping entry due to download error.
WARNING:django.request:Not Found: /category/assets/img/gallery/whats_news_details1.png
WARNING:django.request:Not Found: /category/assets/img/gallery/whats_news_details2.png
WARNING:django.request:Not Found: /static/assets/img/news/news_card.jpg
WARNING:django.request:Not Found: /category/assets/img/gallery/whats_news_details4.png
WARNING:django.request:Not Found: /category/assets/img/gallery/whats_news_details3.png
WARNING:django.request:Not Found: /category/assets/img/gallery/whats_news_details5.png
WARNING:django.request:Not Found: /category/assets/img/gallery/whats_news_details6.png
INFO:django.utils.autoreload:/usr/local/lsws/Example/html/dentist/website/views.py changed, reloading.
WARNING:django.request:Not Found: /category/assets/img/gallery/whats_news_details1.png
WARNING:django.request:Not Found: /category/assets/img/gallery/whats_news_details2.png
WARNING:django.request:Not Found: /static/assets/img/news/news_card.jpg
WARNING:django.request:Not Found: /category/assets/img/gallery/whats_news_details3.png
WARNING:django.request:Not Found: /category/assets/img/gallery/whats_news_details4.png
WARNING:django.request:Not Found: /category/assets/img/gallery/whats_news_details6.png
WARNING:django.request:Not Found: /category/assets/img/gallery/whats_news_details5.png
ERROR:django.request:Internal Server Error: /category/
Traceback (most recent call last):
  File "/usr/local/lsws/Example/html/lib/python3.10/site-packages/django/core/handlers/exception.py", line 55, in inner
    response = get_response(request)
  File "/usr/local/lsws/Example/html/lib/python3.10/site-packages/django/core/handlers/base.py", line 197, in _get_response
    response = wrapped_callback(request, *callback_args, **callback_kwargs)
  File "/usr/local/lsws/Example/html/dentist/website/views.py", line 148, in category
    articles = fetch_rss_feed(rss_url)
  File "/usr/local/lsws/Example/html/dentist/website/views.py", line 133, in fetch_rss_feed
    news_text = download_news(entry)
  File "/usr/local/lsws/Example/html/dentist/website/views.py", line 91, in download_news
    news_text = soup.find('div', {'class': 'news-text'}).text.strip()
AttributeError: 'NoneType' object has no attribute 'text'
WARNING:django.request:Not Found: /category/assets/img/gallery/whats_news_details1.png
WARNING:django.request:Not Found: /category/assets/img/gallery/whats_news_details2.png
WARNING:django.request:Not Found: /static/assets/img/news/news_card.jpg
WARNING:django.request:Not Found: /category/assets/img/gallery/whats_news_details3.png
WARNING:django.request:Not Found: /category/assets/img/gallery/whats_news_details4.png
WARNING:django.request:Not Found: /category/assets/img/gallery/whats_news_details6.png
WARNING:django.request:Not Found: /category/assets/img/gallery/whats_news_details5.png
INFO:django.utils.autoreload:/usr/local/lsws/Example/html/dentist/website/views.py changed, reloading.
WARNING:django.request:Not Found: /category/assets/img/gallery/whats_news_details1.png
WARNING:django.request:Not Found: /category/assets/img/gallery/whats_news_details2.png
WARNING:django.request:Not Found: /static/assets/img/news/news_card.jpg
WARNING:django.request:Not Found: /category/assets/img/gallery/whats_news_details3.png
WARNING:django.request:Not Found: /category/assets/img/gallery/whats_news_details6.png
WARNING:django.request:Not Found: /category/assets/img/gallery/whats_news_details4.png
WARNING:django.request:Not Found: /category/assets/img/gallery/whats_news_details5.png
INFO:django.utils.autoreload:/usr/local/lsws/Example/html/dentist/website/views.py changed, reloading.
