Wed Jan 10 06:28:09 UTC 2024
start, LSWS running: 0
Wed Jan 10 06:39:08 UTC 2024
stop, LSWS running: 1
Wed Jan 10 06:39:09 UTC 2024
start, LSWS running: 0
Wed Jan 10 06:39:39 UTC 2024
stop, LSWS running: 1
Wed Jan 10 06:39:40 UTC 2024
start, LSWS running: 0
Wed Jan 10 06:40:11 UTC 2024
stop, LSWS running: 1
Wed Jan 10 06:40:24 UTC 2024
stop, LSWS running: 0
Wed Jan 10 06:40:25 UTC 2024
start, LSWS running: 0
Wed Jan 10 07:04:48 UTC 2024
start, LSWS running: 0
Wed Jan 10 07:16:13 UTC 2024
start, LSWS running: 0
Tue Jan 16 10:30:06 UTC 2024
start, LSWS running: 0
Wed Jan 17 00:00:01 UTC 2024
delay-stop, LSWS running: 1
Wed Jan 17 00:00:01 UTC 2024
start, LSWS running: 1
Wed Jan 17 18:12:00 UTC 2024
start, LSWS running: 0
Sat Jan 20 15:40:55 UTC 2024
start, LSWS running: 0
Sat Jan 20 15:53:06 UTC 2024
start, LSWS running: 0
Sat Jan 20 16:17:29 UTC 2024
start, LSWS running: 0
Sat Jan 20 17:01:29 UTC 2024
start, LSWS running: 0
Wed Jan 24 00:00:02 UTC 2024
delay-stop, LSWS running: 1
Wed Jan 24 00:00:03 UTC 2024
start, LSWS running: 1
Thu Jan 25 18:07:34 UTC 2024
start, LSWS running: 0
Thu Jan 25 18:37:58 UTC 2024
start, LSWS running: 0
Sun Feb 11 00:19:02 UTC 2024
start, LSWS running: 0
Sun Feb 11 01:26:50 UTC 2024
start, LSWS running: 0
Tue Feb 13 12:19:15 UTC 2024
start, LSWS running: 0
Tue Feb 13 12:34:02 UTC 2024
start, LSWS running: 0
Wed Feb 14 00:00:01 UTC 2024
delay-stop, LSWS running: 1
Wed Feb 14 00:00:01 UTC 2024
start, LSWS running: 1
Tue Feb 20 11:26:30 UTC 2024
delay-stop, LSWS running: 1
